# JRE version: Java(TM) SE Runtime Environment (8.0_91-b14) (build 1.8.0_91-b14)
# Java VM: Java HotSpot(TM) 64-Bit Server VM (25.91-b14 mixed mode linux-amd64 compressed oops)
Heap:
 PSYoungGen      total 195072K, used 121009K [0x00000000e1800000, 0x00000000ed900000, 0x0000000100000000)
  eden space 192512K, 62% used [0x00000000e1800000,0x00000000e8e0c448,0x00000000ed400000)
  from space 2560K, 5% used [0x00000000ed680000,0x00000000ed6a0000,0x00000000ed900000)
  to   space 2560K, 0% used [0x00000000ed400000,0x00000000ed400000,0x00000000ed680000)
 ParOldGen       total 62976K, used 4400K [0x00000000a4800000, 0x00000000a8580000, 0x00000000e1800000)
  object space 62976K, 6% used [0x00000000a4800000,0x00000000a4c4c280,0x00000000a8580000)
 Metaspace       used 11470K, capacity 11644K, committed 11904K, reserved 1060864K
  class space    used 1282K, capacity 1346K, committed 1408K, reserved 1048576K
GC Heap History (10 events):
Event: 5.565 GC heap before
{Heap before GC invocations=4 (full 0):
 PSYoungGen      total 27648K, used 23758K [0x00000000e1800000, 0x00000000e4e00000, 0x0000000100000000)
  eden space 24064K, 91% used [0x00000000e1800000,0x00000000e2d87898,0x00000000e2f80000)
  from space 3584K, 47% used [0x00000000e2f80000,0x00000000e312c010,0x00000000e3300000)
  to   space 3584K, 0% used [0x00000000e4a80000,0x00000000e4a80000,0x00000000e4e00000)
 ParOldGen       total 62976K, used 24K [0x00000000a4800000, 0x00000000a8580000, 0x00000000e1800000)
  object space 62976K, 0% used [0x00000000a4800000,0x00000000a4806000,0x00000000a8580000)
 Metaspace       used 11251K, capacity 11388K, committed 11648K, reserved 1058816K
  class space    used 1277K, capacity 1346K, committed 1408K, reserved 1048576K
Event: 5.570 GC heap after
Heap after GC invocations=4 (full 0):
 PSYoungGen      total 51712K, used 1698K [0x00000000e1800000, 0x00000000e4e00000, 0x0000000100000000)
  eden space 48128K, 0% used [0x00000000e1800000,0x00000000e1800000,0x00000000e4700000)
  from space 3584K, 47% used [0x00000000e4a80000,0x00000000e4c28830,0x00000000e4e00000)
  to   space 3584K, 0% used [0x00000000e4700000,0x00000000e4700000,0x00000000e4a80000)
 ParOldGen       total 62976K, used 24K [0x00000000a4800000, 0x00000000a8580000, 0x00000000e1800000)
  object space 62976K, 0% used [0x00000000a4800000,0x00000000a4806000,0x00000000a8580000)
 Metaspace       used 11251K, capacity 11388K, committed 11648K, reserved 1058816K
  class space    used 1277K, capacity 1346K, committed 1408K, reserved 1048576K
}
Event: 5.860 GC heap before
{Heap before GC invocations=5 (full 0):
 PSYoungGen      total 51712K, used 49503K [0x00000000e1800000, 0x00000000e4e00000, 0x0000000100000000)
  eden space 48128K, 99% used [0x00000000e1800000,0x00000000e46af4b0,0x00000000e4700000)
  from space 3584K, 47% used [0x00000000e4a80000,0x00000000e4c28830,0x00000000e4e00000)
  to   space 3584K, 0% used [0x00000000e4700000,0x00000000e4700000,0x00000000e4a80000)
 ParOldGen       total 62976K, used 24K [0x00000000a4800000, 0x00000000a8580000, 0x00000000e1800000)
  object space 62976K, 0% used [0x00000000a4800000,0x00000000a4806000,0x00000000a8580000)
 Metaspace       used 11261K, capacity 11452K, committed 11648K, reserved 1058816K
  class space    used 1277K, capacity 1346K, committed 1408K, reserved 1048576K
Event: 5.864 GC heap after
Heap after GC invocations=5 (full 0):
 PSYoungGen      total 51712K, used 1746K [0x00000000e1800000, 0x00000000e7a00000, 0x0000000100000000)
  eden space 48128K, 0% used [0x00000000e1800000,0x00000000e1800000,0x00000000e4700000)
  from space 3584K, 48% used [0x00000000e4700000,0x00000000e48b4820,0x00000000e4a80000)
  to   space 2048K, 0% used [0x00000000e7800000,0x00000000e7800000,0x00000000e7a00000)
 ParOldGen       total 62976K, used 2732K [0x00000000a4800000, 0x00000000a8580000, 0x00000000e1800000)
  object space 62976K, 4% used [0x00000000a4800000,0x00000000a4aab048,0x00000000a8580000)
 Metaspace       used 11261K, capacity 11452K, committed 11648K, reserved 1058816K
  class space    used 1277K, capacity 1346K, committed 1408K, reserved 1048576K
}
Event: 6.190 GC heap before
{Heap before GC invocations=6 (full 0):
 PSYoungGen      total 51712K, used 49521K [0x00000000e1800000, 0x00000000e7a00000, 0x0000000100000000)
  eden space 48128K, 99% used [0x00000000e1800000,0x00000000e46a7fd0,0x00000000e4700000)
  from space 3584K, 48% used [0x00000000e4700000,0x00000000e48b4820,0x00000000e4a80000)
  to   space 2048K, 0% used [0x00000000e7800000,0x00000000e7800000,0x00000000e7a00000)
 ParOldGen       total 62976K, used 2732K [0x00000000a4800000, 0x00000000a8580000, 0x00000000e1800000)
  object space 62976K, 4% used [0x00000000a4800000,0x00000000a4aab048,0x00000000a8580000)
 Metaspace       used 11308K, capacity 11452K, committed 11648K, reserved 1058816K
  class space    used 1277K, capacity 1346K, committed 1408K, reserved 1048576K
Event: 6.196 GC heap after
Heap after GC invocations=6 (full 0):
 PSYoungGen      total 98304K, used 1696K [0x00000000e1800000, 0x00000000e7a00000, 0x0000000100000000)
  eden space 96256K, 0% used [0x00000000e1800000,0x00000000e1800000,0x00000000e7600000)
  from space 2048K, 82% used [0x00000000e7800000,0x00000000e79a8000,0x00000000e7a00000)
  to   space 2048K, 0% used [0x00000000e7600000,0x00000000e7600000,0x00000000e7800000)
 ParOldGen       total 62976K, used 2740K [0x00000000a4800000, 0x00000000a8580000, 0x00000000e1800000)
  object space 62976K, 4% used [0x00000000a4800000,0x00000000a4aad048,0x00000000a8580000)
 Metaspace       used 11308K, capacity 11452K, committed 11648K, reserved 1058816K
  class space    used 1277K, capacity 1346K, committed 1408K, reserved 1048576K
}
Event: 6.798 GC heap before
{Heap before GC invocations=7 (full 0):
 PSYoungGen      total 98304K, used 96586K [0x00000000e1800000, 0x00000000e7a00000, 0x0000000100000000)
  eden space 96256K, 98% used [0x00000000e1800000,0x00000000e74aab30,0x00000000e7600000)
  from space 2048K, 82% used [0x00000000e7800000,0x00000000e79a8000,0x00000000e7a00000)
  to   space 2048K, 0% used [0x00000000e7600000,0x00000000e7600000,0x00000000e7800000)
 ParOldGen       total 62976K, used 2740K [0x00000000a4800000, 0x00000000a8580000, 0x00000000e1800000)
  object space 62976K, 4% used [0x00000000a4800000,0x00000000a4aad048,0x00000000a8580000)
 Metaspace       used 11395K, capacity 11580K, committed 11648K, reserved 1058816K
  class space    used 1277K, capacity 1346K, committed 1408K, reserved 1048576K
Event: 6.803 GC heap after
Heap after GC invocations=7 (full 0):
 PSYoungGen      total 98304K, used 128K [0x00000000e1800000, 0x00000000ed900000, 0x0000000100000000)
  eden space 96256K, 0% used [0x00000000e1800000,0x00000000e1800000,0x00000000e7600000)
  from space 2048K, 6% used [0x00000000e7600000,0x00000000e7620000,0x00000000e7800000)
  to   space 2560K, 0% used [0x00000000ed680000,0x00000000ed680000,0x00000000ed900000)
 ParOldGen       total 62976K, used 4376K [0x00000000a4800000, 0x00000000a8580000, 0x00000000e1800000)
  object space 62976K, 6% used [0x00000000a4800000,0x00000000a4c46280,0x00000000a8580000)
 Metaspace       used 11395K, capacity 11580K, committed 11648K, reserved 1058816K
  class space    used 1277K, capacity 1346K, committed 1408K, reserved 1048576K
}
Event: 7.468 GC heap before
{Heap before GC invocations=8 (full 0):
 PSYoungGen      total 98304K, used 94591K [0x00000000e1800000, 0x00000000ed900000, 0x0000000100000000)
  eden space 96256K, 98% used [0x00000000e1800000,0x00000000e743ff18,0x00000000e7600000)
  from space 2048K, 6% used [0x00000000e7600000,0x00000000e7620000,0x00000000e7800000)
  to   space 2560K, 0% used [0x00000000ed680000,0x00000000ed680000,0x00000000ed900000)
 ParOldGen       total 62976K, used 4376K [0x00000000a4800000, 0x00000000a8580000, 0x00000000e1800000)
  object space 62976K, 6% used [0x00000000a4800000,0x00000000a4c46280,0x00000000a8580000)
 Metaspace       used 11422K, capacity 11580K, committed 11648K, reserved 1058816K
  class space    used 1277K, capacity 1346K, committed 1408K, reserved 1048576K
Event: 7.470 GC heap after
Heap after GC invocations=8 (full 0):
 PSYoungGen      total 195072K, used 128K [0x00000000e1800000, 0x00000000ed900000, 0x0000000100000000)
  eden space 192512K, 0% used [0x00000000e1800000,0x00000000e1800000,0x00000000ed400000)
  from space 2560K, 5% used [0x00000000ed680000,0x00000000ed6a0000,0x00000000ed900000)
  to   space 2560K, 0% used [0x00000000ed400000,0x00000000ed400000,0x00000000ed680000)
 ParOldGen       total 62976K, used 4400K [0x00000000a4800000, 0x00000000a8580000, 0x00000000e1800000)
  object space 62976K, 6% used [0x00000000a4800000,0x00000000a4c4c280,0x00000000a8580000)
 Metaspace       used 11422K, capacity 11580K, committed 11648K, reserved 1058816K
  class space    used 1277K, capacity 1346K, committed 1408K, reserved 1048576K
}

